#
# There is insufficient memory for the Java Runtime Environment to continue.
# Native memory allocation (malloc) failed to allocate 65552 bytes for Chunk::new
# Possible reasons:
#   The system is out of physical RAM or swap space
#   The process is running with CompressedOops enabled, and the Java Heap may be blocking the growth of the native heap
# Possible solutions:
#   Reduce memory load on the system
#   Increase physical memory or swap space
#   Check if swap backing store is full
#   Decrease Java heap size (-Xmx/-Xms)
#   Decrease number of Java threads
#   Decrease Java thread stack sizes (-Xss)
#   Set larger code cache with -XX:ReservedCodeCacheSize=
#   JVM is running with Unscaled Compressed Oops mode in which the Java heap is
#     placed in the first 4GB address space. The Java Heap base address is the
#     maximum limit for the native heap growth. Please use -XX:HeapBaseMinAddress
#     to set the Java Heap base and to place the Java Heap above 4GB virtual address.
# This output file may be truncated or incomplete.
#
#  Out of Memory Error (allocation.cpp:389), pid=11892, tid=0x0000000000000624
#
# JRE version: Java(TM) SE Runtime Environment (8.0_202-b08) (build 1.8.0_202-b08)
# Java VM: Java HotSpot(TM) 64-Bit Server VM (25.202-b08 mixed mode windows-amd64 compressed oops)
# Failed to write core dump. Minidumps are not enabled by default on client versions of Windows
#

---------------  T H R E A D  ---------------

Current thread (0x0000000017b5d000):  JavaThread "C2 CompilerThread0" daemon [_thread_in_native, id=1572, stack(0x00000000191e0000,0x00000000192e0000)]

Stack: [0x00000000191e0000,0x00000000192e0000]
[error occurred during error reporting (printing stack bounds), id 0xc0000005]

Native frames: (J=compiled Java code, j=interpreted, Vv=VM code, C=native code)


Current CompileTask:
C2:  15450 3647   !   4       org.springframework.core.annotation.AnnotationsScanner::processMethodHierarchy (276 bytes)


---------------  P R O C E S S  ---------------

Java Threads: ( => current thread )
  0x000000001aeeb800 JavaThread "HikariPool-1 connection adder" daemon [_thread_blocked, id=3512, stack(0x00000000217d0000,0x00000000218d0000)]
  0x000000001aee9800 JavaThread "HikariPool-1 housekeeper" daemon [_thread_blocked, id=4124, stack(0x00000000216d0000,0x00000000217d0000)]
  0x000000001d6a7800 JavaThread "mysql-cj-abandoned-connection-cleanup" daemon [_thread_blocked, id=10020, stack(0x000000001c160000,0x000000001c260000)]
  0x0000000019582800 JavaThread "surefire-forkedjvm-ping-30s" daemon [_thread_in_native, id=12080, stack(0x0000000019be0000,0x0000000019ce0000)]
  0x000000001952e000 JavaThread "surefire-forkedjvm-command-thread" daemon [_thread_in_native, id=12076, stack(0x0000000019ae0000,0x0000000019be0000)]
  0x0000000017bbd800 JavaThread "Service Thread" daemon [_thread_blocked, id=12772, stack(0x00000000198e0000,0x00000000199e0000)]
  0x00000000193e8800 JavaThread "C1 CompilerThread2" daemon [_thread_blocked, id=7988, stack(0x00000000197e0000,0x00000000198e0000)]
  0x0000000017b65800 JavaThread "C2 CompilerThread1" daemon [_thread_in_native, id=12148, stack(0x00000000192e0000,0x00000000193e0000)]
=>0x0000000017b5d000 JavaThread "C2 CompilerThread0" daemon [_thread_in_native, id=1572, stack(0x00000000191e0000,0x00000000192e0000)]
  0x0000000017b69000 JavaThread "Attach Listener" daemon [_thread_blocked, id=7908, stack(0x00000000190e0000,0x00000000191e0000)]
  0x0000000017b67800 JavaThread "Signal Dispatcher" daemon [_thread_blocked, id=13184, stack(0x0000000018fe0000,0x00000000190e0000)]
  0x000000000300a800 JavaThread "Finalizer" daemon [_thread_blocked, id=13152, stack(0x0000000018dc0000,0x0000000018ec0000)]
  0x0000000003002000 JavaThread "Reference Handler" daemon [_thread_blocked, id=4784, stack(0x0000000018cc0000,0x0000000018dc0000)]
  0x0000000002e0e800 JavaThread "main" [_thread_in_vm, id=5628, stack(0x0000000002e10000,0x0000000002f10000)]

Other Threads:
  0x0000000017b27000 VMThread [stack: 0x0000000018bc0000,0x0000000018cc0000] [id=7804]
  0x000000001940c000 WatcherThread [stack: 0x00000000199e0000,0x0000000019ae0000] [id=11816]

VM state:not at safepoint (normal execution)

VM Mutex/Monitor currently owned by a thread: None

heap address: 0x0000000081e00000, size: 2018 MB, Compressed Oops mode: 32-bit
Narrow klass base: 0x0000000000000000, Narrow klass shift: 3
Compressed class space size: 1073741824 Address: 0x0000000100000000

Heap:
 PSYoungGen      total 163840K, used 127213K [0x00000000d5f80000, 0x00000000e1880000, 0x0000000100000000)
  eden space 153600K, 76% used [0x00000000d5f80000,0x00000000dd1bbf98,0x00000000df580000)
  from space 10240K, 99% used [0x00000000e0e80000,0x00000000e187f6b0,0x00000000e1880000)
  to   space 11776K, 0% used [0x00000000e0180000,0x00000000e0180000,0x00000000e0d00000)
 ParOldGen       total 85504K, used 14880K [0x0000000081e00000, 0x0000000087180000, 0x00000000d5f80000)
  object space 85504K, 17% used [0x0000000081e00000,0x0000000082c88098,0x0000000087180000)
 Metaspace       used 51599K, capacity 54860K, committed 55080K, reserved 1097728K
  class space    used 7097K, capacity 7682K, committed 7728K, reserved 1048576K

Card table byte_map: [0x00000000123d0000,0x00000000127d0000] byte_map_base: 0x0000000011fc1000

Marking Bits: (ParMarkBitMap*) 0x000000005ac95ce0
 Begin Bits: [0x0000000012e80000, 0x0000000014e08000)
 End Bits:   [0x0000000014e08000, 0x0000000016d90000)

Polling page: 0x0000000002dc0000

CodeCache: size=245760Kb used=12805Kb max_used=12808Kb free=232954Kb
 bounds [0x0000000003010000, 0x0000000003cb0000, 0x0000000012010000]
 total_blobs=4009 nmethods=3498 adapters=421
 compilation: enabled

Compilation events (10 events):
Event: 15.392 Thread 0x00000000193e8800 3737       1       antlr.BaseAST::getFirstChild (5 bytes)
Event: 15.392 Thread 0x00000000193e8800 nmethod 3737 0x000000000323bf10 code [0x000000000323c060, 0x000000000323c170]
Event: 15.395 Thread 0x00000000193e8800 3739   !   2       java.net.URL::<init> (543 bytes)
Event: 15.399 Thread 0x00000000193e8800 nmethod 3739 0x0000000003c9ab10 code [0x0000000003c9ae60, 0x0000000003c9c178]
Event: 15.426 Thread 0x00000000193e8800 3740       2       java.lang.String::equalsIgnoreCase (48 bytes)
Event: 15.426 Thread 0x00000000193e8800 nmethod 3740 0x000000000318c610 code [0x000000000318c780, 0x000000000318c968]
Event: 15.432 Thread 0x00000000193e8800 3741       2       java.net.URLClassLoader$1::run (5 bytes)
Event: 15.432 Thread 0x00000000193e8800 nmethod 3741 0x00000000033f4cd0 code [0x00000000033f4e40, 0x00000000033f4fa8]
Event: 15.433 Thread 0x00000000193e8800 3742   !   2       java.net.URLClassLoader$1::run (63 bytes)
Event: 15.433 Thread 0x00000000193e8800 nmethod 3742 0x00000000033f5390 code [0x00000000033f5540, 0x00000000033f5848]

GC Heap History (10 events):
Event: 4.641 GC heap before
{Heap before GC invocations=6 (full 1):
 PSYoungGen      total 71680K, used 66506K [0x00000000d5f80000, 0x00000000daa80000, 0x0000000100000000)
  eden space 66560K, 99% used [0x00000000d5f80000,0x00000000da072b70,0x00000000da080000)
  from space 5120K, 0% used [0x00000000da580000,0x00000000da580000,0x00000000daa80000)
  to   space 5120K, 0% used [0x00000000da080000,0x00000000da080000,0x00000000da580000)
 ParOldGen       total 53760K, used 6029K [0x0000000081e00000, 0x0000000085280000, 0x00000000d5f80000)
  object space 53760K, 11% used [0x0000000081e00000,0x00000000823e37c8,0x0000000085280000)
 Metaspace       used 22966K, capacity 24598K, committed 24880K, reserved 1071104K
  class space    used 3013K, capacity 3323K, committed 3376K, reserved 1048576K
Event: 4.648 GC heap after
Heap after GC invocations=6 (full 1):
 PSYoungGen      total 71680K, used 4594K [0x00000000d5f80000, 0x00000000dda00000, 0x0000000100000000)
  eden space 66560K, 0% used [0x00000000d5f80000,0x00000000d5f80000,0x00000000da080000)
  from space 5120K, 89% used [0x00000000da080000,0x00000000da4fca98,0x00000000da580000)
  to   space 8192K, 0% used [0x00000000dd200000,0x00000000dd200000,0x00000000dda00000)
 ParOldGen       total 53760K, used 6029K [0x0000000081e00000, 0x0000000085280000, 0x00000000d5f80000)
  object space 53760K, 11% used [0x0000000081e00000,0x00000000823e37c8,0x0000000085280000)
 Metaspace       used 22966K, capacity 24598K, committed 24880K, reserved 1071104K
  class space    used 3013K, capacity 3323K, committed 3376K, reserved 1048576K
}
Event: 6.870 GC heap before
{Heap before GC invocations=7 (full 1):
 PSYoungGen      total 71680K, used 71154K [0x00000000d5f80000, 0x00000000dda00000, 0x0000000100000000)
  eden space 66560K, 100% used [0x00000000d5f80000,0x00000000da080000,0x00000000da080000)
  from space 5120K, 89% used [0x00000000da080000,0x00000000da4fca98,0x00000000da580000)
  to   space 8192K, 0% used [0x00000000dd200000,0x00000000dd200000,0x00000000dda00000)
 ParOldGen       total 53760K, used 6029K [0x0000000081e00000, 0x0000000085280000, 0x00000000d5f80000)
  object space 53760K, 11% used [0x0000000081e00000,0x00000000823e37c8,0x0000000085280000)
 Metaspace       used 26841K, capacity 28816K, committed 28976K, reserved 1075200K
  class space    used 3522K, capacity 3869K, committed 3888K, reserved 1048576K
Event: 6.906 GC heap after
Heap after GC invocations=7 (full 1):
 PSYoungGen      total 115200K, used 7622K [0x00000000d5f80000, 0x00000000dd980000, 0x0000000100000000)
  eden space 107520K, 0% used [0x00000000d5f80000,0x00000000d5f80000,0x00000000dc880000)
  from space 7680K, 99% used [0x00000000dd200000,0x00000000dd9719a0,0x00000000dd980000)
  to   space 8704K, 0% used [0x00000000dc880000,0x00000000dc880000,0x00000000dd100000)
 ParOldGen       total 53760K, used 6037K [0x0000000081e00000, 0x0000000085280000, 0x00000000d5f80000)
  object space 53760K, 11% used [0x0000000081e00000,0x00000000823e57c8,0x0000000085280000)
 Metaspace       used 26841K, capacity 28816K, committed 28976K, reserved 1075200K
  class space    used 3522K, capacity 3869K, committed 3888K, reserved 1048576K
}
Event: 9.364 GC heap before
{Heap before GC invocations=8 (full 1):
 PSYoungGen      total 115200K, used 87785K [0x00000000d5f80000, 0x00000000dd980000, 0x0000000100000000)
  eden space 107520K, 74% used [0x00000000d5f80000,0x00000000dadc8af0,0x00000000dc880000)
  from space 7680K, 99% used [0x00000000dd200000,0x00000000dd9719a0,0x00000000dd980000)
  to   space 8704K, 0% used [0x00000000dc880000,0x00000000dc880000,0x00000000dd100000)
 ParOldGen       total 53760K, used 6037K [0x0000000081e00000, 0x0000000085280000, 0x00000000d5f80000)
  object space 53760K, 11% used [0x0000000081e00000,0x00000000823e57c8,0x0000000085280000)
 Metaspace       used 33080K, capacity 35364K, committed 35496K, reserved 1079296K
  class space    used 4362K, capacity 4779K, committed 4784K, reserved 1048576K
Event: 9.382 GC heap after
Heap after GC invocations=8 (full 1):
 PSYoungGen      total 116224K, used 8682K [0x00000000d5f80000, 0x00000000e1880000, 0x0000000100000000)
  eden space 107520K, 0% used [0x00000000d5f80000,0x00000000d5f80000,0x00000000dc880000)
  from space 8704K, 99% used [0x00000000dc880000,0x00000000dd0fa8e8,0x00000000dd100000)
  to   space 10240K, 0% used [0x00000000e0e80000,0x00000000e0e80000,0x00000000e1880000)
 ParOldGen       total 53760K, used 6896K [0x0000000081e00000, 0x0000000085280000, 0x00000000d5f80000)
  object space 53760K, 12% used [0x0000000081e00000,0x00000000824bc208,0x0000000085280000)
 Metaspace       used 33080K, capacity 35364K, committed 35496K, reserved 1079296K
  class space    used 4362K, capacity 4779K, committed 4784K, reserved 1048576K
}
Event: 9.382 GC heap before
{Heap before GC invocations=9 (full 2):
 PSYoungGen      total 116224K, used 8682K [0x00000000d5f80000, 0x00000000e1880000, 0x0000000100000000)
  eden space 107520K, 0% used [0x00000000d5f80000,0x00000000d5f80000,0x00000000dc880000)
  from space 8704K, 99% used [0x00000000dc880000,0x00000000dd0fa8e8,0x00000000dd100000)
  to   space 10240K, 0% used [0x00000000e0e80000,0x00000000e0e80000,0x00000000e1880000)
 ParOldGen       total 53760K, used 6896K [0x0000000081e00000, 0x0000000085280000, 0x00000000d5f80000)
  object space 53760K, 12% used [0x0000000081e00000,0x00000000824bc208,0x0000000085280000)
 Metaspace       used 33080K, capacity 35364K, committed 35496K, reserved 1079296K
  class space    used 4362K, capacity 4779K, committed 4784K, reserved 1048576K
Event: 9.521 GC heap after
Heap after GC invocations=9 (full 2):
 PSYoungGen      total 116224K, used 0K [0x00000000d5f80000, 0x00000000e1880000, 0x0000000100000000)
  eden space 107520K, 0% used [0x00000000d5f80000,0x00000000d5f80000,0x00000000dc880000)
  from space 8704K, 0% used [0x00000000dc880000,0x00000000dc880000,0x00000000dd100000)
  to   space 10240K, 0% used [0x00000000e0e80000,0x00000000e0e80000,0x00000000e1880000)
 ParOldGen       total 85504K, used 13745K [0x0000000081e00000, 0x0000000087180000, 0x00000000d5f80000)
  object space 85504K, 16% used [0x0000000081e00000,0x0000000082b6c4f8,0x0000000087180000)
 Metaspace       used 33080K, capacity 35364K, committed 35496K, reserved 1079296K
  class space    used 4362K, capacity 4779K, committed 4784K, reserved 1048576K
}
Event: 12.886 GC heap before
{Heap before GC invocations=10 (full 2):
 PSYoungGen      total 116224K, used 107520K [0x00000000d5f80000, 0x00000000e1880000, 0x0000000100000000)
  eden space 107520K, 100% used [0x00000000d5f80000,0x00000000dc880000,0x00000000dc880000)
  from space 8704K, 0% used [0x00000000dc880000,0x00000000dc880000,0x00000000dd100000)
  to   space 10240K, 0% used [0x00000000e0e80000,0x00000000e0e80000,0x00000000e1880000)
 ParOldGen       total 85504K, used 13745K [0x0000000081e00000, 0x0000000087180000, 0x00000000d5f80000)
  object space 85504K, 16% used [0x0000000081e00000,0x0000000082b6c4f8,0x0000000087180000)
 Metaspace       used 43061K, capacity 45610K, committed 45864K, reserved 1089536K
  class space    used 5841K, capacity 6331K, committed 6448K, reserved 1048576K
Event: 12.906 GC heap after
Heap after GC invocations=10 (full 2):
 PSYoungGen      total 163840K, used 10237K [0x00000000d5f80000, 0x00000000e1880000, 0x0000000100000000)
  eden space 153600K, 0% used [0x00000000d5f80000,0x00000000d5f80000,0x00000000df580000)
  from space 10240K, 99% used [0x00000000e0e80000,0x00000000e187f6b0,0x00000000e1880000)
  to   space 11776K, 0% used [0x00000000e0180000,0x00000000e0180000,0x00000000e0d00000)
 ParOldGen       total 85504K, used 14880K [0x0000000081e00000, 0x0000000087180000, 0x00000000d5f80000)
  object space 85504K, 17% used [0x0000000081e00000,0x0000000082c88098,0x0000000087180000)
 Metaspace       used 43061K, capacity 45610K, committed 45864K, reserved 1089536K
  class space    used 5841K, capacity 6331K, committed 6448K, reserved 1048576K
}

Deoptimization events (10 events):
Event: 14.503 Thread 0x0000000002e0e800 Uncommon trap: reason=class_check action=maybe_recompile pc=0x00000000039b9f20 method=org.springframework.core.ResolvableType.resolveType()Lorg/springframework/core/ResolvableType; @ 101
Event: 14.503 Thread 0x0000000002e0e800 Uncommon trap: reason=class_check action=maybe_recompile pc=0x00000000039b9f20 method=org.springframework.core.ResolvableType.resolveType()Lorg/springframework/core/ResolvableType; @ 101
Event: 14.736 Thread 0x0000000002e0e800 Uncommon trap: reason=unstable_if action=reinterpret pc=0x0000000003a43fc8 method=org.springframework.util.ConcurrentReferenceHashMap$Segment.restructureIfNecessary(Z)V @ 41
Event: 15.097 Thread 0x0000000002e0e800 Uncommon trap: reason=unstable_if action=reinterpret pc=0x0000000003a77fc0 method=java.lang.invoke.MethodType.checkPtypes([Ljava/lang/Class;)I @ 40
Event: 15.259 Thread 0x0000000002e0e800 Uncommon trap: reason=unstable_if action=reinterpret pc=0x00000000035aaf98 method=java.util.StringTokenizer.scanToken(I)I @ 96
Event: 15.362 Thread 0x0000000002e0e800 Uncommon trap: reason=class_check action=maybe_recompile pc=0x0000000003aff6c8 method=java.util.Hashtable.put(Ljava/lang/Object;Ljava/lang/Object;)Ljava/lang/Object; @ 18
Event: 15.362 Thread 0x0000000002e0e800 Uncommon trap: reason=class_check action=maybe_recompile pc=0x0000000003aff6c8 method=java.util.Hashtable.put(Ljava/lang/Object;Ljava/lang/Object;)Ljava/lang/Object; @ 18
Event: 15.362 Thread 0x0000000002e0e800 Uncommon trap: reason=class_check action=maybe_recompile pc=0x0000000003aff6c8 method=java.util.Hashtable.put(Ljava/lang/Object;Ljava/lang/Object;)Ljava/lang/Object; @ 18
Event: 15.362 Thread 0x0000000002e0e800 Uncommon trap: reason=class_check action=maybe_recompile pc=0x0000000003aff6c8 method=java.util.Hashtable.put(Ljava/lang/Object;Ljava/lang/Object;)Ljava/lang/Object; @ 18
Event: 15.379 Thread 0x0000000002e0e800 Uncommon trap: reason=unstable_if action=reinterpret pc=0x0000000003162080 method=java.lang.CharacterData.of(I)Ljava/lang/CharacterData; @ 4

Classes redefined (0 events):
No events

Internal exceptions (10 events):
Event: 14.791 Thread 0x0000000002e0e800 Exception <a 'java/lang/NoSuchMethodError': java.lang.Object.lambda$of$0([Ljava/lang/Object;)Ljava/util/Iterator;> (0x00000000db786c68) thrown at [C:\re\workspace\8-2-build-windows-amd64-cygwin\jdk8u202\12323\hotspot\src\share\vm\interpreter\linkResolver.
Event: 14.815 Thread 0x0000000002e0e800 Exception <a 'java/lang/NoSuchMethodError': java.lang.Object.lambda$toStream$0(Ljava/util/Optional;)Ljava/util/stream/Stream;> (0x00000000db887440) thrown at [C:\re\workspace\8-2-build-windows-amd64-cygwin\jdk8u202\12323\hotspot\src\share\vm\interpreter\l
Event: 14.816 Thread 0x0000000002e0e800 Exception <a 'java/lang/NoSuchMethodError': java.lang.Object.of(Ljava/lang/Object;)Ljava/util/stream/Stream;> (0x00000000db88e060) thrown at [C:\re\workspace\8-2-build-windows-amd64-cygwin\jdk8u202\12323\hotspot\src\share\vm\interpreter\linkResolver.cpp, 
Event: 14.817 Thread 0x0000000002e0e800 Exception <a 'java/lang/NoSuchMethodError': java.lang.Object.empty()Ljava/util/stream/Stream;> (0x00000000db891278) thrown at [C:\re\workspace\8-2-build-windows-amd64-cygwin\jdk8u202\12323\hotspot\src\share\vm\interpreter\linkResolver.cpp, line 620]
Event: 14.819 Thread 0x0000000002e0e800 Exception <a 'java/lang/NoSuchMethodError': java.lang.Object.fromNullable(Ljava/lang/Object;)Ljava/util/stream/Stream;> (0x00000000db8a2b78) thrown at [C:\re\workspace\8-2-build-windows-amd64-cygwin\jdk8u202\12323\hotspot\src\share\vm\interpreter\linkReso
Event: 14.858 Thread 0x0000000002e0e800 Exception <a 'java/lang/NoSuchMethodError': java.lang.Object.lambda$direct$0(Lorg/springframework/data/repository/core/support/MethodLookup$InvokedMethod;Ljava/lang/reflect/Method;)Z> (0x00000000db9a8af8) thrown at [C:\re\workspace\8-2-build-windows-amd64
Event: 14.858 Thread 0x0000000002e0e800 Exception <a 'java/lang/NoSuchMethodError': java.lang.Object.lambda$direct$1(Lorg/springframework/data/repository/core/support/MethodLookup$MethodPredicate;)Ljava/util/List;> (0x00000000db9abe28) thrown at [C:\re\workspace\8-2-build-windows-amd64-cygwin\j
Event: 14.862 Thread 0x0000000002e0e800 Exception <a 'java/lang/NoSuchMethodError': java.lang.Object.lambda$and$0(Lorg/springframework/data/repository/core/support/MethodLookup;)Ljava/util/List;> (0x00000000db9cf068) thrown at [C:\re\workspace\8-2-build-windows-amd64-cygwin\jdk8u202\12323\hotsp
Event: 14.915 Thread 0x0000000002e0e800 Exception <a 'java/lang/IncompatibleClassChangeError': Found class java.lang.Object, but interface was expected> (0x00000000dbca07d8) thrown at [C:\re\workspace\8-2-build-windows-amd64-cygwin\jdk8u202\12323\hotspot\src\share\vm\interpreter\linkResolver.cp
Event: 15.209 Thread 0x0000000002e0e800 Exception <a 'java/lang/reflect/InvocationTargetException'> (0x00000000dc908150) thrown at [C:\re\workspace\8-2-build-windows-amd64-cygwin\jdk8u202\12323\hotspot\src\share\vm\runtime\reflection.cpp, line 1092]

Events (10 events):
Event: 15.443 loading class org/hibernate/hql/internal/ast/util/LiteralProcessor$DecimalLiteralFormat
Event: 15.443 loading class org/hibernate/hql/internal/ast/util/LiteralProcessor$DecimalLiteralFormat done
Event: 15.444 loading class org/hibernate/hql/internal/ast/util/LiteralProcessor$DecimalLiteralFormat$1
Event: 15.444 loading class org/hibernate/hql/internal/ast/util/LiteralProcessor$DecimalLiteralFormat$1 done
Event: 15.445 loading class org/hibernate/hql/internal/ast/util/LiteralProcessor$DecimalLiteralFormat$2
Event: 15.445 loading class org/hibernate/hql/internal/ast/util/LiteralProcessor$DecimalLiteralFormat$2 done
Event: 15.446 loading class org/hibernate/hql/internal/ast/util/LiteralProcessor$DecimalFormatter
Event: 15.446 loading class org/hibernate/hql/internal/ast/util/LiteralProcessor$DecimalFormatter done
Event: 15.447 loading class org/hibernate/hql/internal/ast/tree/QueryNode
Event: 15.447 loading class org/hibernate/hql/internal/ast/tree/QueryNode done


Dynamic libraries:
0x00007ff648ba0000 - 0x00007ff648bd7000 	C:\Program Files\Java\jdk1.8.0_202\jre\bin\java.exe
0x00007fff59c30000 - 0x00007fff59e28000 	C:\Windows\SYSTEM32\ntdll.dll
0x00007fff59a00000 - 0x00007fff59abf000 	C:\Windows\System32\KERNEL32.DLL
0x00007fff57820000 - 0x00007fff57af2000 	C:\Windows\System32\KERNELBASE.dll
0x00007fff58720000 - 0x00007fff587ce000 	C:\Windows\System32\ADVAPI32.dll
0x00007fff58c50000 - 0x00007fff58cee000 	C:\Windows\System32\msvcrt.dll
0x00007fff595d0000 - 0x00007fff5966c000 	C:\Windows\System32\sechost.dll
0x00007fff594a0000 - 0x00007fff595c5000 	C:\Windows\System32\RPCRT4.dll
0x00007fff58810000 - 0x00007fff589b1000 	C:\Windows\System32\USER32.dll
0x00007fff57320000 - 0x00007fff57342000 	C:\Windows\System32\win32u.dll
0x00007fff58e60000 - 0x00007fff58e8b000 	C:\Windows\System32\GDI32.dll
0x00007fff57630000 - 0x00007fff5773f000 	C:\Windows\System32\gdi32full.dll
0x00007fff574b0000 - 0x00007fff5754d000 	C:\Windows\System32\msvcp_win.dll
0x00007fff57b70000 - 0x00007fff57c70000 	C:\Windows\System32\ucrtbase.dll
0x00007fff48040000 - 0x00007fff482da000 	C:\Windows\WinSxS\amd64_microsoft.windows.common-controls_6595b64144ccf1df_6.0.19041.1110_none_60b5254171f9507e\COMCTL32.dll
0x00007fff587d0000 - 0x00007fff58802000 	C:\Windows\System32\IMM32.DLL
0x000000005a390000 - 0x000000005a462000 	C:\Program Files\Java\jdk1.8.0_202\jre\bin\msvcr100.dll
0x000000005a470000 - 0x000000005ad15000 	C:\Program Files\Java\jdk1.8.0_202\jre\bin\server\jvm.dll
0x00007fff599f0000 - 0x00007fff599f8000 	C:\Windows\System32\PSAPI.DLL
0x00007fff48fb0000 - 0x00007fff48fb9000 	C:\Windows\SYSTEM32\WSOCK32.dll
0x00007fff498f0000 - 0x00007fff498fa000 	C:\Windows\SYSTEM32\VERSION.dll
0x00007fff42910000 - 0x00007fff42937000 	C:\Windows\SYSTEM32\WINMM.dll
0x00007fff59730000 - 0x00007fff5979b000 	C:\Windows\System32\WS2_32.dll
0x00007fff51d60000 - 0x00007fff51d6f000 	C:\Program Files\Java\jdk1.8.0_202\jre\bin\verify.dll
0x00007fff4efa0000 - 0x00007fff4efc9000 	C:\Program Files\Java\jdk1.8.0_202\jre\bin\java.dll
0x00007fff4dd70000 - 0x00007fff4dd86000 	C:\Program Files\Java\jdk1.8.0_202\jre\bin\zip.dll
0x00007fff57c70000 - 0x00007fff583b4000 	C:\Windows\System32\SHELL32.dll
0x00007fff553e0000 - 0x00007fff55b72000 	C:\Windows\SYSTEM32\windows.storage.dll
0x00007fff583c0000 - 0x00007fff58715000 	C:\Windows\System32\combase.dll
0x00007fff56d10000 - 0x00007fff56d40000 	C:\Windows\SYSTEM32\Wldp.dll
0x00007fff59670000 - 0x00007fff5971d000 	C:\Windows\System32\SHCORE.dll
0x00007fff58e90000 - 0x00007fff58ee5000 	C:\Windows\System32\shlwapi.dll
0x00007fff57260000 - 0x00007fff5727f000 	C:\Windows\SYSTEM32\profapi.dll
0x00007fff51aa0000 - 0x00007fff51aad000 	C:\Program Files\Java\jdk1.8.0_202\jre\bin\management.dll
0x00007fff4dd50000 - 0x00007fff4dd6a000 	C:\Program Files\Java\jdk1.8.0_202\jre\bin\net.dll
0x00007fff49500000 - 0x00007fff496ed000 	C:\Windows\SYSTEM32\urlmon.dll
0x00007fff49a30000 - 0x00007fff49ce1000 	C:\Windows\SYSTEM32\iertutil.dll
0x00007fff494d0000 - 0x00007fff494f8000 	C:\Windows\SYSTEM32\srvcli.dll
0x00007fff568c0000 - 0x00007fff568cc000 	C:\Windows\SYSTEM32\netutils.dll
0x00007fff56a70000 - 0x00007fff56ada000 	C:\Windows\system32\mswsock.dll
0x00007fff4dd30000 - 0x00007fff4dd42000 	C:\Program Files\Java\jdk1.8.0_202\jre\bin\nio.dll
0x00007fff43140000 - 0x00007fff43157000 	C:\Windows\system32\napinsp.dll
0x00007fff43120000 - 0x00007fff4313b000 	C:\Windows\system32\pnrpnsp.dll
0x00007fff43200000 - 0x00007fff43215000 	C:\Windows\system32\wshbth.dll
0x00007fff525c0000 - 0x00007fff525dd000 	C:\Windows\system32\NLAapi.dll
0x00007fff56760000 - 0x00007fff5679b000 	C:\Windows\SYSTEM32\IPHLPAPI.DLL
0x00007fff567a0000 - 0x00007fff5686a000 	C:\Windows\SYSTEM32\DNSAPI.dll
0x00007fff59980000 - 0x00007fff59988000 	C:\Windows\System32\NSI.dll
0x00007fff43100000 - 0x00007fff43112000 	C:\Windows\System32\winrnr.dll
0x00007fff46550000 - 0x00007fff4655a000 	C:\Windows\System32\rasadhlp.dll
0x00007fff467f0000 - 0x00007fff46870000 	C:\Windows\System32\fwpuclnt.dll
0x00007fff57600000 - 0x00007fff57627000 	C:\Windows\System32\bcrypt.dll
0x00007fff56c70000 - 0x00007fff56c88000 	C:\Windows\SYSTEM32\CRYPTSP.dll
0x00007fff56390000 - 0x00007fff563c4000 	C:\Windows\system32\rsaenh.dll
0x00007fff57220000 - 0x00007fff5724e000 	C:\Windows\SYSTEM32\USERENV.dll
0x00007fff57740000 - 0x00007fff577c2000 	C:\Windows\System32\bcryptprimitives.dll
0x00007fff56c60000 - 0x00007fff56c6c000 	C:\Windows\SYSTEM32\CRYPTBASE.dll
0x00007fff4ce80000 - 0x00007fff4ce97000 	C:\Windows\SYSTEM32\dhcpcsvc6.DLL
0x00007fff4f3b0000 - 0x00007fff4f3cd000 	C:\Windows\SYSTEM32\dhcpcsvc.DLL

VM Arguments:
java_command: C:\Users\compu\AppData\Local\Temp\surefire1104557428604386802\surefirebooter3877494763914406686.jar C:\Users\compu\AppData\Local\Temp\surefire1104557428604386802 2023-02-23T15-48-09_402-jvmRun1 surefire2388148132173007858tmp surefire_0808493123326759262tmp
java_class_path (initial): C:\Users\compu\AppData\Local\Temp\surefire1104557428604386802\surefirebooter3877494763914406686.jar
Launcher Type: SUN_STANDARD

Environment Variables:
JAVA_HOME=C:\Program Files\Java\jdk1.8.0_202
CLASSPATH=.;
PATH=C:\Program Files (x86)\Common Files\Oracle\Java\javapath;C:\Program Files\Common Files\Oracle\Java\javapath;C:\Windows\system32;C:\Windows;C:\Windows\System32\Wbem;C:\Windows\System32\WindowsPowerShell\v1.0\;C:\Windows\System32\OpenSSH\;C:\ProgramData\chocolatey\bin;C:\Program Files\nodejs\;C:\Program Files\Git\cmd;C:\Program Files (x86)\dotnet\;C:\maven\bin;C:\Program Files\Java\jdk1.8.0_202\bin;C:\Program Files\Java\jdk1.8.0_202\bin;C:\Users\compu\AppData\Local\Microsoft\WindowsApps;;C:\Users\compu\AppData\Local\Programs\Microsoft VS Code\bin;C:\Users\compu\AppData\Roaming\npm;C:\tools\mysql\current\bin;
USERNAME=compu
OS=Windows_NT
PROCESSOR_IDENTIFIER=Intel64 Family 6 Model 58 Stepping 9, GenuineIntel



---------------  S Y S T E M  ---------------

OS: Windows 10.0 , 64 bit Build 19041 (10.0.19041.2364)

CPU:total 4 (initial active 4) (2 cores per cpu, 2 threads per core) family 6 model 58 stepping 9, cmov, cx8, fxsr, mmx, sse, sse2, sse3, ssse3, sse4.1, sse4.2, popcnt, avx, clmul, erms, ht, tsc, tscinvbit, tscinv

Memory: 4k page, physical 8264872k(84056k free), swap 12459176k(9584k free)

vm_info: Java HotSpot(TM) 64-Bit Server VM (25.202-b08) for windows-amd64 JRE (1.8.0_202-b08), built on Dec 15 2018 19:54:30 by "java_re" with MS VC++ 10.0 (VS2010)

time: Thu Feb 23 15:48:25 2023
timezone: Hora estándar de Argentina
elapsed time: 15 seconds (0d 0h 0m 15s)

